{"C:\\Users\\giova\\OneDrive\\Desktop\\Projects\\large-scale-software-systems-project\\order-management\\order-api\\common\\database.js": {"path":"C:\\Users\\giova\\OneDrive\\Desktop\\Projects\\large-scale-software-systems-project\\order-management\\order-api\\common\\database.js","statementMap":{"0":{"start":{"line":1,"column":22},"end":{"line":1,"column":42}},"1":{"start":{"line":3,"column":18},"end":{"line":6,"column":2}},"2":{"start":{"line":8,"column":0},"end":{"line":8,"column":27}}},"fnMap":{},"branchMap":{},"s":{"0":1,"1":1,"2":1},"f":{},"b":{},"_coverageSchema":"1a1c01bbd47fc00a2c39e90264f33305004495a9","hash":"22bc7f3118db415eff7083b661ed4087434f408a"}
,"C:\\Users\\giova\\OneDrive\\Desktop\\Projects\\large-scale-software-systems-project\\order-management\\order-api\\common\\models\\Order.js": {"path":"C:\\Users\\giova\\OneDrive\\Desktop\\Projects\\large-scale-software-systems-project\\order-management\\order-api\\common\\models\\Order.js","statementMap":{"0":{"start":{"line":1,"column":22},"end":{"line":1,"column":42}},"1":{"start":{"line":2,"column":18},"end":{"line":2,"column":40}},"2":{"start":{"line":4,"column":14},"end":{"line":25,"column":2}},"3":{"start":{"line":27,"column":0},"end":{"line":27,"column":23}}},"fnMap":{},"branchMap":{},"s":{"0":1,"1":1,"2":1,"3":1},"f":{},"b":{},"_coverageSchema":"1a1c01bbd47fc00a2c39e90264f33305004495a9","hash":"fba4aa473565fd5e9f8d07bb8e16e62e4fcd36fc"}
,"C:\\Users\\giova\\OneDrive\\Desktop\\Projects\\large-scale-software-systems-project\\order-management\\order-api\\orders\\controller.js": {"path":"C:\\Users\\giova\\OneDrive\\Desktop\\Projects\\large-scale-software-systems-project\\order-management\\order-api\\orders\\controller.js","statementMap":{"0":{"start":{"line":1,"column":14},"end":{"line":1,"column":47}},"1":{"start":{"line":4,"column":26},"end":{"line":10,"column":1}},"2":{"start":{"line":5,"column":2},"end":{"line":9,"column":5}},"3":{"start":{"line":6,"column":4},"end":{"line":8,"column":13}},"4":{"start":{"line":7,"column":6},"end":{"line":7,"column":35}},"5":{"start":{"line":13,"column":0},"end":{"line":36,"column":2}},"6":{"start":{"line":14,"column":2},"end":{"line":35,"column":3}},"7":{"start":{"line":15,"column":52},"end":{"line":15,"column":60}},"8":{"start":{"line":17,"column":4},"end":{"line":19,"column":5}},"9":{"start":{"line":18,"column":6},"end":{"line":18,"column":63}},"10":{"start":{"line":21,"column":4},"end":{"line":23,"column":5}},"11":{"start":{"line":22,"column":6},"end":{"line":22,"column":32}},"12":{"start":{"line":25,"column":18},"end":{"line":30,"column":6}},"13":{"start":{"line":32,"column":4},"end":{"line":32,"column":32}},"14":{"start":{"line":34,"column":4},"end":{"line":34,"column":86}},"15":{"start":{"line":39,"column":0},"end":{"line":42,"column":2}},"16":{"start":{"line":40,"column":17},"end":{"line":40,"column":38}},"17":{"start":{"line":41,"column":2},"end":{"line":41,"column":19}},"18":{"start":{"line":45,"column":0},"end":{"line":53,"column":2}},"19":{"start":{"line":46,"column":16},"end":{"line":46,"column":51}},"20":{"start":{"line":48,"column":2},"end":{"line":50,"column":3}},"21":{"start":{"line":49,"column":4},"end":{"line":49,"column":62}},"22":{"start":{"line":52,"column":2},"end":{"line":52,"column":18}},"23":{"start":{"line":56,"column":0},"end":{"line":67,"column":2}},"24":{"start":{"line":57,"column":16},"end":{"line":57,"column":51}},"25":{"start":{"line":59,"column":2},"end":{"line":61,"column":3}},"26":{"start":{"line":60,"column":4},"end":{"line":60,"column":62}},"27":{"start":{"line":63,"column":21},"end":{"line":63,"column":29}},"28":{"start":{"line":64,"column":2},"end":{"line":64,"column":33}},"29":{"start":{"line":66,"column":2},"end":{"line":66,"column":18}},"30":{"start":{"line":70,"column":0},"end":{"line":80,"column":2}},"31":{"start":{"line":71,"column":16},"end":{"line":71,"column":51}},"32":{"start":{"line":73,"column":2},"end":{"line":75,"column":3}},"33":{"start":{"line":74,"column":4},"end":{"line":74,"column":62}},"34":{"start":{"line":77,"column":2},"end":{"line":77,"column":24}},"35":{"start":{"line":79,"column":2},"end":{"line":79,"column":41}}},"fnMap":{"0":{"name":"(anonymous_0)","decl":{"start":{"line":4,"column":26},"end":{"line":4,"column":27}},"loc":{"start":{"line":4,"column":32},"end":{"line":10,"column":1}},"line":4},"1":{"name":"(anonymous_1)","decl":{"start":{"line":5,"column":21},"end":{"line":5,"column":22}},"loc":{"start":{"line":5,"column":34},"end":{"line":9,"column":3}},"line":5},"2":{"name":"(anonymous_2)","decl":{"start":{"line":6,"column":15},"end":{"line":6,"column":16}},"loc":{"start":{"line":6,"column":21},"end":{"line":8,"column":5}},"line":6},"3":{"name":"(anonymous_3)","decl":{"start":{"line":13,"column":22},"end":{"line":13,"column":23}},"loc":{"start":{"line":13,"column":42},"end":{"line":36,"column":1}},"line":13},"4":{"name":"(anonymous_4)","decl":{"start":{"line":39,"column":23},"end":{"line":39,"column":24}},"loc":{"start":{"line":39,"column":43},"end":{"line":42,"column":1}},"line":39},"5":{"name":"(anonymous_5)","decl":{"start":{"line":45,"column":23},"end":{"line":45,"column":24}},"loc":{"start":{"line":45,"column":43},"end":{"line":53,"column":1}},"line":45},"6":{"name":"(anonymous_6)","decl":{"start":{"line":56,"column":22},"end":{"line":56,"column":23}},"loc":{"start":{"line":56,"column":42},"end":{"line":67,"column":1}},"line":56},"7":{"name":"(anonymous_7)","decl":{"start":{"line":70,"column":22},"end":{"line":70,"column":23}},"loc":{"start":{"line":70,"column":42},"end":{"line":80,"column":1}},"line":70}},"branchMap":{"0":{"loc":{"start":{"line":17,"column":4},"end":{"line":19,"column":5}},"type":"if","locations":[{"start":{"line":17,"column":4},"end":{"line":19,"column":5}},{"start":{},"end":{}}],"line":17},"1":{"loc":{"start":{"line":17,"column":8},"end":{"line":17,"column":53}},"type":"binary-expr","locations":[{"start":{"line":17,"column":8},"end":{"line":17,"column":11}},{"start":{"line":17,"column":15},"end":{"line":17,"column":28}},{"start":{"line":17,"column":32},"end":{"line":17,"column":40}},{"start":{"line":17,"column":44},"end":{"line":17,"column":53}}],"line":17},"2":{"loc":{"start":{"line":21,"column":4},"end":{"line":23,"column":5}},"type":"if","locations":[{"start":{"line":21,"column":4},"end":{"line":23,"column":5}},{"start":{},"end":{}}],"line":21},"3":{"loc":{"start":{"line":48,"column":2},"end":{"line":50,"column":3}},"type":"if","locations":[{"start":{"line":48,"column":2},"end":{"line":50,"column":3}},{"start":{},"end":{}}],"line":48},"4":{"loc":{"start":{"line":59,"column":2},"end":{"line":61,"column":3}},"type":"if","locations":[{"start":{"line":59,"column":2},"end":{"line":61,"column":3}},{"start":{},"end":{}}],"line":59},"5":{"loc":{"start":{"line":73,"column":2},"end":{"line":75,"column":3}},"type":"if","locations":[{"start":{"line":73,"column":2},"end":{"line":75,"column":3}},{"start":{},"end":{}}],"line":73}},"s":{"0":1,"1":1,"2":0,"3":0,"4":0,"5":1,"6":2,"7":2,"8":2,"9":1,"10":1,"11":0,"12":1,"13":1,"14":0,"15":1,"16":1,"17":1,"18":1,"19":2,"20":2,"21":1,"22":1,"23":1,"24":2,"25":2,"26":1,"27":1,"28":1,"29":1,"30":1,"31":2,"32":2,"33":1,"34":1,"35":1},"f":{"0":0,"1":0,"2":0,"3":2,"4":1,"5":2,"6":2,"7":2},"b":{"0":[1,1],"1":[2,2,1,1],"2":[0,1],"3":[1,1],"4":[1,1],"5":[1,1]},"_coverageSchema":"1a1c01bbd47fc00a2c39e90264f33305004495a9","hash":"66efcde0d3e5eae49e38bc0f86893ad867f7ec62"}
}
