TN:
SF:common\database.js
FNF:0
FNH:0
DA:1,1
DA:3,1
DA:8,1
LF:3
LH:3
BRF:0
BRH:0
end_of_record
TN:
SF:common\models\Order.js
FNF:0
FNH:0
DA:1,1
DA:2,1
DA:4,1
DA:27,1
LF:4
LH:4
BRF:0
BRH:0
end_of_record
TN:
SF:orders\controller.js
FN:4,(anonymous_0)
FN:5,(anonymous_1)
FN:6,(anonymous_2)
FN:13,(anonymous_3)
FN:39,(anonymous_4)
FN:45,(anonymous_5)
FN:56,(anonymous_6)
FN:70,(anonymous_7)
FNF:8
FNH:5
FNDA:0,(anonymous_0)
FNDA:0,(anonymous_1)
FNDA:0,(anonymous_2)
FNDA:2,(anonymous_3)
FNDA:1,(anonymous_4)
FNDA:2,(anonymous_5)
FNDA:2,(anonymous_6)
FNDA:2,(anonymous_7)
DA:1,1
DA:4,1
DA:5,0
DA:6,0
DA:7,0
DA:13,1
DA:14,2
DA:15,2
DA:17,2
DA:18,1
DA:21,1
DA:22,0
DA:25,1
DA:32,1
DA:34,0
DA:39,1
DA:40,1
DA:41,1
DA:45,1
DA:46,2
DA:48,2
DA:49,1
DA:52,1
DA:56,1
DA:57,2
DA:59,2
DA:60,1
DA:63,1
DA:64,1
DA:66,1
DA:70,1
DA:71,2
DA:73,2
DA:74,1
DA:77,1
DA:79,1
LF:36
LH:31
BRDA:17,0,0,1
BRDA:17,0,1,1
BRDA:17,1,0,2
BRDA:17,1,1,2
BRDA:17,1,2,1
BRDA:17,1,3,1
BRDA:21,2,0,0
BRDA:21,2,1,1
BRDA:48,3,0,1
BRDA:48,3,1,1
BRDA:59,4,0,1
BRDA:59,4,1,1
BRDA:73,5,0,1
BRDA:73,5,1,1
BRF:14
BRH:13
end_of_record
